This file contains any messages produced by compilers while
running configure, to aid debugging if configure makes a mistake.

It was created by mcs configure 0.3.3-alpha7, which was
generated by GNU Autoconf 2.69.  Invocation command line was

  $ ./configure --enable-cfitsio --no-create --no-recursion

## --------- ##
## Platform. ##
## --------- ##

hostname = Luciano-Nicastros-MacBook-2.local
uname -m = x86_64
uname -r = 16.7.0
uname -s = Darwin
uname -v = Darwin Kernel Version 16.7.0: Tue Jan 30 11:27:06 PST 2018; root:xnu-3789.73.11~1/RELEASE_X86_64

/usr/bin/uname -p = i386
/bin/uname -X     = unknown

/bin/arch              = unknown
/usr/bin/arch -k       = unknown
/usr/convex/getsysinfo = unknown
/usr/bin/hostinfo      = Mach kernel version:
	 Darwin Kernel Version 16.7.0: Tue Jan 30 11:27:06 PST 2018; root:xnu-3789.73.11~1/RELEASE_X86_64
Kernel configured for up to 4 processors.
2 processors are physically available.
4 processors are logically available.
Processor type: x86_64h (Intel x86-64h Haswell)
Processors active: 0 1 2 3
Primary memory available: 16.00 gigabytes
Default processor set: 373 tasks, 1495 threads, 4 processors
Load average: 3.54, Mach factor: 1.32
/bin/machine           = unknown
/usr/bin/oslevel       = unknown
/bin/universe          = unknown

PATH: /opt/local/bin
PATH: /opt/local/sbin
PATH: /Users/nicastro/Soft/Contrib/Healpix_3.11/src/cxx/osx/bin
PATH: /sw/bin
PATH: /sw/sbin
PATH: /usr/local/wcs/bin
PATH: /usr/local/cfitsio/bin
PATH: /usr/local/Montage/bin
PATH: /usr/local/mysql/bin
PATH: /usr/local/astrometry/bin
PATH: /Users/nicastro/Utils
PATH: /Users/nicastro/bin
PATH: /usr/bin
PATH: /bin
PATH: /usr/sbin
PATH: /sbin
PATH: /usr/local/bin
PATH: /opt/X11/bin
PATH: /Developer/usr/bin
PATH: /usr/X11R6/bin


## ----------- ##
## Core tests. ##
## ----------- ##

configure:2492: checking for a BSD-compatible install
configure:2560: result: /usr/bin/install -c
configure:2571: checking whether build environment is sane
configure:2626: result: yes
configure:2777: checking for a thread-safe mkdir -p
configure:2816: result: config/install-sh -c -d
configure:2823: checking for gawk
configure:2839: found /opt/local/bin/gawk
configure:2850: result: gawk
configure:2861: checking whether make sets $(MAKE)
configure:2883: result: yes
configure:2912: checking whether make supports nested variables
configure:2929: result: yes
configure:3438: checking build system type
configure:3452: result: x86_64-apple-darwin16.7.0
configure:3472: checking host system type
configure:3485: result: x86_64-apple-darwin16.7.0
configure:3526: checking how to print strings
configure:3553: result: printf
configure:3578: checking whether make supports the include directive
configure:3593: make -f confmf.GNU && cat confinc.out
this is the am__doit target
configure:3596: $? = 0
configure:3615: result: yes (GNU style)
configure:3685: checking for gcc
configure:3701: found /opt/local/bin/gcc
configure:3712: result: gcc
configure:3941: checking for C compiler version
configure:3950: gcc --version >&5
gcc (MacPorts gcc6 6.4.0_0) 6.4.0
Copyright (C) 2017 Free Software Foundation, Inc.
This is free software; see the source for copying conditions.  There is NO
warranty; not even for MERCHANTABILITY or FITNESS FOR A PARTICULAR PURPOSE.

configure:3961: $? = 0
configure:3950: gcc -v >&5
Using built-in specs.
COLLECT_GCC=gcc
COLLECT_LTO_WRAPPER=/opt/local/libexec/gcc/x86_64-apple-darwin16/6.4.0/lto-wrapper
Target: x86_64-apple-darwin16
Configured with: /opt/local/var/macports/build/_opt_bblocal_var_buildworker_ports_build_ports_lang_gcc6/gcc6/work/gcc-6.4.0/configure --prefix=/opt/local --build=x86_64-apple-darwin16 --enable-languages=c,c++,objc,obj-c++,lto,fortran --libdir=/opt/local/lib/gcc6 --includedir=/opt/local/include/gcc6 --infodir=/opt/local/share/info --mandir=/opt/local/share/man --datarootdir=/opt/local/share/gcc-6 --with-local-prefix=/opt/local --with-system-zlib --disable-nls --program-suffix=-mp-6 --with-gxx-include-dir=/opt/local/include/gcc6/c++/ --with-gmp=/opt/local --with-mpfr=/opt/local --with-mpc=/opt/local --with-isl=/opt/local --enable-stage1-checking --disable-multilib --enable-lto --enable-libstdcxx-time --with-build-config=bootstrap-debug --with-as=/opt/local/bin/as --with-ld=/opt/local/bin/ld --with-ar=/opt/local/bin/ar --with-bugurl=https://trac.macports.org/newticket --disable-tls --with-pkgversion='MacPorts gcc6 6.4.0_0'
Thread model: posix
gcc version 6.4.0 (MacPorts gcc6 6.4.0_0) 
configure:3961: $? = 0
configure:3950: gcc -V >&5
gcc: error: unrecognized command line option '-V'
gcc: fatal error: no input files
compilation terminated.
configure:3961: $? = 1
configure:3950: gcc -qversion >&5
gcc: error: unrecognized command line option '-qversion'; did you mean '--version'?
gcc: fatal error: no input files
compilation terminated.
configure:3961: $? = 1
configure:3981: checking whether the C compiler works
configure:4003: gcc    conftest.c  >&5
configure:4007: $? = 0
configure:4055: result: yes
configure:4058: checking for C compiler default output file name
configure:4060: result: a.out
configure:4066: checking for suffix of executables
configure:4073: gcc -o conftest    conftest.c  >&5
configure:4077: $? = 0
configure:4099: result: 
configure:4121: checking whether we are cross compiling
configure:4129: gcc -o conftest    conftest.c  >&5
configure:4133: $? = 0
configure:4140: ./conftest
configure:4144: $? = 0
configure:4159: result: no
configure:4164: checking for suffix of object files
configure:4186: gcc -c   conftest.c >&5
configure:4190: $? = 0
configure:4211: result: o
configure:4215: checking whether we are using the GNU C compiler
configure:4234: gcc -c   conftest.c >&5
configure:4234: $? = 0
configure:4243: result: yes
configure:4252: checking whether gcc accepts -g
configure:4272: gcc -c -g  conftest.c >&5
configure:4272: $? = 0
configure:4313: result: yes
configure:4330: checking for gcc option to accept ISO C89
configure:4393: gcc  -c -g -O2  conftest.c >&5
configure:4393: $? = 0
configure:4406: result: none needed
configure:4431: checking whether gcc understands -c and -o together
configure:4453: gcc -c conftest.c -o conftest2.o
configure:4456: $? = 0
configure:4453: gcc -c conftest.c -o conftest2.o
configure:4456: $? = 0
configure:4468: result: yes
configure:4487: checking dependency style of gcc
configure:4598: result: gcc3
configure:4613: checking for a sed that does not truncate output
configure:4677: result: /opt/local/bin/gsed
configure:4695: checking for grep that handles long lines and -e
configure:4753: result: /usr/bin/grep
configure:4758: checking for egrep
configure:4820: result: /usr/bin/grep -E
configure:4825: checking for fgrep
configure:4887: result: /usr/bin/grep -F
configure:4922: checking for ld used by gcc
configure:4989: result: /opt/local/bin/ld
configure:4996: checking if the linker (/opt/local/bin/ld) is GNU ld
configure:5011: result: no
configure:5023: checking for BSD- or MS-compatible name lister (nm)
configure:5077: result: /opt/local/bin/nm -B
configure:5207: checking the name lister (/opt/local/bin/nm -B) interface
configure:5214:  -c   conftest.cpp >&5
./configure: line 5215: -c: command not found
configure:5217: /opt/local/bin/nm -B "conftest.o"
/opt/local/libexec/llvm-3.9/bin/llvm-nm: conftest.o: No such file or directory.
configure:5220: output
configure:5227: result: BSD nm
configure:5230: checking whether ln -s works
configure:5234: result: yes
configure:5242: checking the maximum length of command line arguments
configure:5373: result: 196608
configure:5421: checking how to convert x86_64-apple-darwin16.7.0 file names to x86_64-apple-darwin16.7.0 format
configure:5461: result: func_convert_file_noop
configure:5468: checking how to convert x86_64-apple-darwin16.7.0 file names to toolchain format
configure:5488: result: func_convert_file_noop
configure:5495: checking for /opt/local/bin/ld option to reload object files
configure:5502: result: -r
configure:5576: checking for objdump
configure:5592: found /usr/bin/objdump
configure:5603: result: objdump
configure:5635: checking how to recognize dependent libraries
configure:5835: result: pass_all
configure:5920: checking for dlltool
configure:5950: result: no
configure:5980: checking how to associate runtime and link libraries
configure:6007: result: printf %s\n
configure:6076: checking for g++
configure:6092: found /opt/local/bin/g++
configure:6103: result: g++
configure:6130: checking for C++ compiler version
configure:6139: g++ --version >&5
g++ (MacPorts gcc6 6.4.0_0) 6.4.0
Copyright (C) 2017 Free Software Foundation, Inc.
This is free software; see the source for copying conditions.  There is NO
warranty; not even for MERCHANTABILITY or FITNESS FOR A PARTICULAR PURPOSE.

configure:6150: $? = 0
configure:6139: g++ -v >&5
Using built-in specs.
COLLECT_GCC=g++
COLLECT_LTO_WRAPPER=/opt/local/libexec/gcc/x86_64-apple-darwin16/6.4.0/lto-wrapper
Target: x86_64-apple-darwin16
Configured with: /opt/local/var/macports/build/_opt_bblocal_var_buildworker_ports_build_ports_lang_gcc6/gcc6/work/gcc-6.4.0/configure --prefix=/opt/local --build=x86_64-apple-darwin16 --enable-languages=c,c++,objc,obj-c++,lto,fortran --libdir=/opt/local/lib/gcc6 --includedir=/opt/local/include/gcc6 --infodir=/opt/local/share/info --mandir=/opt/local/share/man --datarootdir=/opt/local/share/gcc-6 --with-local-prefix=/opt/local --with-system-zlib --disable-nls --program-suffix=-mp-6 --with-gxx-include-dir=/opt/local/include/gcc6/c++/ --with-gmp=/opt/local --with-mpfr=/opt/local --with-mpc=/opt/local --with-isl=/opt/local --enable-stage1-checking --disable-multilib --enable-lto --enable-libstdcxx-time --with-build-config=bootstrap-debug --with-as=/opt/local/bin/as --with-ld=/opt/local/bin/ld --with-ar=/opt/local/bin/ar --with-bugurl=https://trac.macports.org/newticket --disable-tls --with-pkgversion='MacPorts gcc6 6.4.0_0'
Thread model: posix
gcc version 6.4.0 (MacPorts gcc6 6.4.0_0) 
configure:6150: $? = 0
configure:6139: g++ -V >&5
g++: error: unrecognized command line option '-V'
g++: fatal error: no input files
compilation terminated.
configure:6150: $? = 1
configure:6139: g++ -qversion >&5
g++: error: unrecognized command line option '-qversion'; did you mean '--version'?
g++: fatal error: no input files
compilation terminated.
configure:6150: $? = 1
configure:6154: checking whether we are using the GNU C++ compiler
configure:6173: g++ -c   conftest.cpp >&5
configure:6173: $? = 0
configure:6182: result: yes
configure:6191: checking whether g++ accepts -g
configure:6211: g++ -c -g  conftest.cpp >&5
configure:6211: $? = 0
configure:6252: result: yes
configure:6277: checking dependency style of g++
configure:6388: result: gcc3
configure:6453: checking for ar
configure:6469: found /opt/local/bin/ar
configure:6480: result: ar
configure:6517: checking for archiver @FILE support
configure:6534: g++ -c -g -O2  conftest.cpp >&5
configure:6534: $? = 0
configure:6537: ar cru libconftest.a @conftest.lst >&5
ar: @conftest.lst: No such file or directory
configure:6540: $? = 1
configure:6560: result: no
configure:6618: checking for strip
configure:6634: found /opt/local/bin/strip
configure:6645: result: strip
configure:6717: checking for ranlib
configure:6733: found /opt/local/bin/ranlib
configure:6744: result: ranlib
configure:6846: checking command to parse /opt/local/bin/nm -B output from gcc object
configure:6999: g++ -c -g -O2  conftest.cpp >&5
configure:7002: $? = 0
configure:7006: /opt/local/bin/nm -B conftest.o \| sed -n -e 's/^.*[ ]\([BCDEGRST][BCDEGRST]*\)[ ][ ]*\([_A-Za-z][_A-Za-z0-9]*\)$/\1 \2 \2/p' | sed '/ __gnu_lto/d' \> conftest.nm
configure:7009: $? = 0
cannot find nm_test_var in conftest.nm
configure:6999: g++ -c -g -O2  conftest.cpp >&5
configure:7002: $? = 0
configure:7006: /opt/local/bin/nm -B conftest.o \| sed -n -e 's/^.*[ ]\([BCDEGRST][BCDEGRST]*\)[ ][ ]*_\([_A-Za-z][_A-Za-z0-9]*\)$/\1 _\2 \2/p' | sed '/ __gnu_lto/d' \> conftest.nm
configure:7009: $? = 0
configure:7075: g++ -o conftest -g -O2   conftest.cpp conftstm.o >&5
configure:7078: $? = 0
configure:7116: result: ok
configure:7163: checking for sysroot
configure:7193: result: no
configure:7200: checking for a working dd
configure:7238: result: /bin/dd
configure:7242: checking how to truncate binary pipes
configure:7257: result: /bin/dd bs=4096 count=1
configure:7587: checking for mt
configure:7617: result: no
configure:7637: checking if : is a manifest tool
configure:7643: : '-?'
configure:7651: result: no
configure:7707: checking for dsymutil
configure:7723: found /usr/bin/dsymutil
configure:7734: result: dsymutil
configure:7799: checking for nmedit
configure:7815: found /opt/local/bin/nmedit
configure:7826: result: nmedit
configure:7891: checking for lipo
configure:7907: found /opt/local/bin/lipo
configure:7918: result: lipo
configure:7983: checking for otool
configure:7999: found /opt/local/bin/otool
configure:8010: result: otool
configure:8075: checking for otool64
configure:8105: result: no
configure:8150: checking for -single_module linker flag
gcc -g -O2  -o libconftest.dylib -dynamiclib -Wl,-single_module conftest.c
configure:8183: result: yes
configure:8186: checking for -exported_symbols_list linker flag
configure:8206: g++ -o conftest -g -O2   -Wl,-exported_symbols_list,conftest.sym conftest.cpp  >&5
configure:8206: $? = 0
configure:8216: result: yes
configure:8219: checking for -force_load linker flag
gcc -g -O2 -c -o conftest.o conftest.c
ar cru libconftest.a conftest.o
ranlib libconftest.a
gcc -g -O2  -o conftest conftest.c -Wl,-force_load,./libconftest.a
configure:8251: result: yes
configure:8328: checking how to run the C preprocessor
configure:8359: gcc -E  conftest.c
configure:8359: $? = 0
configure:8373: gcc -E  conftest.c
conftest.c:15:28: fatal error: ac_nonexistent.h: No such file or directory
 #include <ac_nonexistent.h>
                            ^
compilation terminated.
configure:8373: $? = 1
configure: failed program was:
| /* confdefs.h */
| #define PACKAGE_NAME "mcs"
| #define PACKAGE_TARNAME "mcs"
| #define PACKAGE_VERSION "0.3.3-alpha7"
| #define PACKAGE_STRING "mcs 0.3.3-alpha7"
| #define PACKAGE_BUGREPORT "Giorgio Calderone <giorgio.calderone@gmail.com> Luciano Nicastro <nicastro@iasfbo.inaf.it>"
| #define PACKAGE_URL ""
| #define PACKAGE "mcs"
| #define VERSION "0.3.3-alpha7"
| #define CXX_HAS_BUGGY_FOR_LOOPS /**/
| #define CXX_HAS_NO_BOOL /**/
| #define NDEBUG /**/
| #define YOUR_OS /**/
| /* end confdefs.h.  */
| #include <ac_nonexistent.h>
configure:8398: result: gcc -E
configure:8418: gcc -E  conftest.c
configure:8418: $? = 0
configure:8432: gcc -E  conftest.c
conftest.c:15:28: fatal error: ac_nonexistent.h: No such file or directory
 #include <ac_nonexistent.h>
                            ^
compilation terminated.
configure:8432: $? = 1
configure: failed program was:
| /* confdefs.h */
| #define PACKAGE_NAME "mcs"
| #define PACKAGE_TARNAME "mcs"
| #define PACKAGE_VERSION "0.3.3-alpha7"
| #define PACKAGE_STRING "mcs 0.3.3-alpha7"
| #define PACKAGE_BUGREPORT "Giorgio Calderone <giorgio.calderone@gmail.com> Luciano Nicastro <nicastro@iasfbo.inaf.it>"
| #define PACKAGE_URL ""
| #define PACKAGE "mcs"
| #define VERSION "0.3.3-alpha7"
| #define CXX_HAS_BUGGY_FOR_LOOPS /**/
| #define CXX_HAS_NO_BOOL /**/
| #define NDEBUG /**/
| #define YOUR_OS /**/
| /* end confdefs.h.  */
| #include <ac_nonexistent.h>
configure:8461: checking for ANSI C header files
configure:8481: gcc -c -g -O2  conftest.c >&5
configure:8481: $? = 0
configure:8554: gcc -o conftest -g -O2   conftest.c  >&5
configure:8554: $? = 0
configure:8554: ./conftest
configure:8554: $? = 0
configure:8565: result: yes
configure:8578: checking for sys/types.h
configure:8578: gcc -c -g -O2  conftest.c >&5
configure:8578: $? = 0
configure:8578: result: yes
configure:8578: checking for sys/stat.h
configure:8578: gcc -c -g -O2  conftest.c >&5
configure:8578: $? = 0
configure:8578: result: yes
configure:8578: checking for stdlib.h
configure:8578: gcc -c -g -O2  conftest.c >&5
configure:8578: $? = 0
configure:8578: result: yes
configure:8578: checking for string.h
configure:8578: gcc -c -g -O2  conftest.c >&5
configure:8578: $? = 0
configure:8578: result: yes
configure:8578: checking for memory.h
configure:8578: gcc -c -g -O2  conftest.c >&5
configure:8578: $? = 0
configure:8578: result: yes
configure:8578: checking for strings.h
configure:8578: gcc -c -g -O2  conftest.c >&5
configure:8578: $? = 0
configure:8578: result: yes
configure:8578: checking for inttypes.h
configure:8578: gcc -c -g -O2  conftest.c >&5
configure:8578: $? = 0
configure:8578: result: yes
configure:8578: checking for stdint.h
configure:8578: gcc -c -g -O2  conftest.c >&5
configure:8578: $? = 0
configure:8578: result: yes
configure:8578: checking for unistd.h
configure:8578: gcc -c -g -O2  conftest.c >&5
configure:8578: $? = 0
configure:8578: result: yes
configure:8592: checking for dlfcn.h
configure:8592: gcc -c -g -O2  conftest.c >&5
configure:8592: $? = 0
configure:8592: result: yes
configure:8858: checking for objdir
configure:8873: result: .libs
configure:9137: checking if gcc supports -fno-rtti -fno-exceptions
configure:9155: gcc -c -g -O2  -fno-rtti -fno-exceptions conftest.c >&5
cc1: warning: command line option '-fno-rtti' is valid for C++/ObjC++ but not for C
configure:9159: $? = 0
configure:9172: result: no
configure:9530: checking for gcc option to produce PIC
configure:9537: result: -fno-common -DPIC
configure:9545: checking if gcc PIC flag -fno-common -DPIC works
configure:9563: gcc -c -g -O2  -fno-common -DPIC -DPIC conftest.c >&5
configure:9567: $? = 0
configure:9580: result: yes
configure:9609: checking if gcc static flag -static works
configure:9637: result: no
configure:9652: checking if gcc supports -c -o file.o
configure:9673: gcc -c -g -O2  -o out/conftest2.o conftest.c >&5
configure:9677: $? = 0
configure:9699: result: yes
configure:9707: checking if gcc supports -c -o file.o
configure:9754: result: yes
configure:9787: checking whether the gcc linker (/opt/local/bin/ld) supports shared libraries
configure:11046: result: yes
configure:11286: checking dynamic linker characteristics
configure:12104: result: darwin16.7.0 dyld
configure:12226: checking how to hardcode library paths into programs
configure:12251: result: immediate
configure:12799: checking whether stripping libraries is possible
configure:12813: result: yes
configure:12839: checking if libtool supports shared libraries
configure:12841: result: yes
configure:12844: checking whether to build shared libraries
configure:12869: result: yes
configure:12872: checking whether to build static libraries
configure:12876: result: yes
configure:12899: checking how to run the C++ preprocessor
configure:12926: g++ -E  conftest.cpp
configure:12926: $? = 0
configure:12940: g++ -E  conftest.cpp
conftest.cpp:27:28: fatal error: ac_nonexistent.h: No such file or directory
 #include <ac_nonexistent.h>
                            ^
compilation terminated.
configure:12940: $? = 1
configure: failed program was:
| /* confdefs.h */
| #define PACKAGE_NAME "mcs"
| #define PACKAGE_TARNAME "mcs"
| #define PACKAGE_VERSION "0.3.3-alpha7"
| #define PACKAGE_STRING "mcs 0.3.3-alpha7"
| #define PACKAGE_BUGREPORT "Giorgio Calderone <giorgio.calderone@gmail.com> Luciano Nicastro <nicastro@iasfbo.inaf.it>"
| #define PACKAGE_URL ""
| #define PACKAGE "mcs"
| #define VERSION "0.3.3-alpha7"
| #define CXX_HAS_BUGGY_FOR_LOOPS /**/
| #define CXX_HAS_NO_BOOL /**/
| #define NDEBUG /**/
| #define YOUR_OS /**/
| #define STDC_HEADERS 1
| #define HAVE_SYS_TYPES_H 1
| #define HAVE_SYS_STAT_H 1
| #define HAVE_STDLIB_H 1
| #define HAVE_STRING_H 1
| #define HAVE_MEMORY_H 1
| #define HAVE_STRINGS_H 1
| #define HAVE_INTTYPES_H 1
| #define HAVE_STDINT_H 1
| #define HAVE_UNISTD_H 1
| #define HAVE_DLFCN_H 1
| #define LT_OBJDIR ".libs/"
| /* end confdefs.h.  */
| #include <ac_nonexistent.h>
configure:12965: result: g++ -E
configure:12985: g++ -E  conftest.cpp
configure:12985: $? = 0
configure:12999: g++ -E  conftest.cpp
conftest.cpp:27:28: fatal error: ac_nonexistent.h: No such file or directory
 #include <ac_nonexistent.h>
                            ^
compilation terminated.
configure:12999: $? = 1
configure: failed program was:
| /* confdefs.h */
| #define PACKAGE_NAME "mcs"
| #define PACKAGE_TARNAME "mcs"
| #define PACKAGE_VERSION "0.3.3-alpha7"
| #define PACKAGE_STRING "mcs 0.3.3-alpha7"
| #define PACKAGE_BUGREPORT "Giorgio Calderone <giorgio.calderone@gmail.com> Luciano Nicastro <nicastro@iasfbo.inaf.it>"
| #define PACKAGE_URL ""
| #define PACKAGE "mcs"
| #define VERSION "0.3.3-alpha7"
| #define CXX_HAS_BUGGY_FOR_LOOPS /**/
| #define CXX_HAS_NO_BOOL /**/
| #define NDEBUG /**/
| #define YOUR_OS /**/
| #define STDC_HEADERS 1
| #define HAVE_SYS_TYPES_H 1
| #define HAVE_SYS_STAT_H 1
| #define HAVE_STDLIB_H 1
| #define HAVE_STRING_H 1
| #define HAVE_MEMORY_H 1
| #define HAVE_STRINGS_H 1
| #define HAVE_INTTYPES_H 1
| #define HAVE_STDINT_H 1
| #define HAVE_UNISTD_H 1
| #define HAVE_DLFCN_H 1
| #define LT_OBJDIR ".libs/"
| /* end confdefs.h.  */
| #include <ac_nonexistent.h>
configure:13161: checking for ld used by g++
configure:13228: result: /opt/local/bin/ld
configure:13235: checking if the linker (/opt/local/bin/ld) is GNU ld
configure:13250: result: no
configure:13305: checking whether the g++ linker (/opt/local/bin/ld) supports shared libraries
configure:14378: result: yes
configure:14414: g++ -c -g -O2  conftest.cpp >&5
configure:14417: $? = 0
configure:14898: checking for g++ option to produce PIC
configure:14905: result: -fno-common -DPIC
configure:14913: checking if g++ PIC flag -fno-common -DPIC works
configure:14931: g++ -c -g -O2  -fno-common -DPIC -DPIC conftest.cpp >&5
configure:14935: $? = 0
configure:14948: result: yes
configure:14971: checking if g++ static flag -static works
configure:14999: result: no
configure:15011: checking if g++ supports -c -o file.o
configure:15032: g++ -c -g -O2  -o out/conftest2.o conftest.cpp >&5
configure:15036: $? = 0
configure:15058: result: yes
configure:15063: checking if g++ supports -c -o file.o
configure:15110: result: yes
configure:15140: checking whether the g++ linker (/opt/local/bin/ld) supports shared libraries
configure:15180: result: yes
configure:15321: checking dynamic linker characteristics
configure:16066: result: darwin16.7.0 dyld
configure:16131: checking how to hardcode library paths into programs
configure:16156: result: immediate
configure:16231: checking malloc.h usability
configure:16231: g++ -c -g -O2  conftest.cpp >&5
conftest.cpp:60:20: fatal error: malloc.h: No such file or directory
 #include <malloc.h>
                    ^
compilation terminated.
configure:16231: $? = 1
configure: failed program was:
| /* confdefs.h */
| #define PACKAGE_NAME "mcs"
| #define PACKAGE_TARNAME "mcs"
| #define PACKAGE_VERSION "0.3.3-alpha7"
| #define PACKAGE_STRING "mcs 0.3.3-alpha7"
| #define PACKAGE_BUGREPORT "Giorgio Calderone <giorgio.calderone@gmail.com> Luciano Nicastro <nicastro@iasfbo.inaf.it>"
| #define PACKAGE_URL ""
| #define PACKAGE "mcs"
| #define VERSION "0.3.3-alpha7"
| #define CXX_HAS_BUGGY_FOR_LOOPS /**/
| #define CXX_HAS_NO_BOOL /**/
| #define NDEBUG /**/
| #define YOUR_OS /**/
| #define STDC_HEADERS 1
| #define HAVE_SYS_TYPES_H 1
| #define HAVE_SYS_STAT_H 1
| #define HAVE_STDLIB_H 1
| #define HAVE_STRING_H 1
| #define HAVE_MEMORY_H 1
| #define HAVE_STRINGS_H 1
| #define HAVE_INTTYPES_H 1
| #define HAVE_STDINT_H 1
| #define HAVE_UNISTD_H 1
| #define HAVE_DLFCN_H 1
| #define LT_OBJDIR ".libs/"
| /* end confdefs.h.  */
| #include <stdio.h>
| #ifdef HAVE_SYS_TYPES_H
| # include <sys/types.h>
| #endif
| #ifdef HAVE_SYS_STAT_H
| # include <sys/stat.h>
| #endif
| #ifdef STDC_HEADERS
| # include <stdlib.h>
| # include <stddef.h>
| #else
| # ifdef HAVE_STDLIB_H
| #  include <stdlib.h>
| # endif
| #endif
| #ifdef HAVE_STRING_H
| # if !defined STDC_HEADERS && defined HAVE_MEMORY_H
| #  include <memory.h>
| # endif
| # include <string.h>
| #endif
| #ifdef HAVE_STRINGS_H
| # include <strings.h>
| #endif
| #ifdef HAVE_INTTYPES_H
| # include <inttypes.h>
| #endif
| #ifdef HAVE_STDINT_H
| # include <stdint.h>
| #endif
| #ifdef HAVE_UNISTD_H
| # include <unistd.h>
| #endif
| #include <malloc.h>
configure:16231: result: no
configure:16231: checking malloc.h presence
configure:16231: g++ -E  conftest.cpp
conftest.cpp:27:20: fatal error: malloc.h: No such file or directory
 #include <malloc.h>
                    ^
compilation terminated.
configure:16231: $? = 1
configure: failed program was:
| /* confdefs.h */
| #define PACKAGE_NAME "mcs"
| #define PACKAGE_TARNAME "mcs"
| #define PACKAGE_VERSION "0.3.3-alpha7"
| #define PACKAGE_STRING "mcs 0.3.3-alpha7"
| #define PACKAGE_BUGREPORT "Giorgio Calderone <giorgio.calderone@gmail.com> Luciano Nicastro <nicastro@iasfbo.inaf.it>"
| #define PACKAGE_URL ""
| #define PACKAGE "mcs"
| #define VERSION "0.3.3-alpha7"
| #define CXX_HAS_BUGGY_FOR_LOOPS /**/
| #define CXX_HAS_NO_BOOL /**/
| #define NDEBUG /**/
| #define YOUR_OS /**/
| #define STDC_HEADERS 1
| #define HAVE_SYS_TYPES_H 1
| #define HAVE_SYS_STAT_H 1
| #define HAVE_STDLIB_H 1
| #define HAVE_STRING_H 1
| #define HAVE_MEMORY_H 1
| #define HAVE_STRINGS_H 1
| #define HAVE_INTTYPES_H 1
| #define HAVE_STDINT_H 1
| #define HAVE_UNISTD_H 1
| #define HAVE_DLFCN_H 1
| #define LT_OBJDIR ".libs/"
| /* end confdefs.h.  */
| #include <malloc.h>
configure:16231: result: no
configure:16231: checking for malloc.h
configure:16231: result: no
configure:16254: 
configure:16256: No malloc.h for this system.
configure:16258: 
configure:16377: checking for C++ compiler version
configure:16386: g++ --version >&5
g++ (MacPorts gcc6 6.4.0_0) 6.4.0
Copyright (C) 2017 Free Software Foundation, Inc.
This is free software; see the source for copying conditions.  There is NO
warranty; not even for MERCHANTABILITY or FITNESS FOR A PARTICULAR PURPOSE.

configure:16397: $? = 0
configure:16386: g++ -v >&5
Using built-in specs.
COLLECT_GCC=g++
COLLECT_LTO_WRAPPER=/opt/local/libexec/gcc/x86_64-apple-darwin16/6.4.0/lto-wrapper
Target: x86_64-apple-darwin16
Configured with: /opt/local/var/macports/build/_opt_bblocal_var_buildworker_ports_build_ports_lang_gcc6/gcc6/work/gcc-6.4.0/configure --prefix=/opt/local --build=x86_64-apple-darwin16 --enable-languages=c,c++,objc,obj-c++,lto,fortran --libdir=/opt/local/lib/gcc6 --includedir=/opt/local/include/gcc6 --infodir=/opt/local/share/info --mandir=/opt/local/share/man --datarootdir=/opt/local/share/gcc-6 --with-local-prefix=/opt/local --with-system-zlib --disable-nls --program-suffix=-mp-6 --with-gxx-include-dir=/opt/local/include/gcc6/c++/ --with-gmp=/opt/local --with-mpfr=/opt/local --with-mpc=/opt/local --with-isl=/opt/local --enable-stage1-checking --disable-multilib --enable-lto --enable-libstdcxx-time --with-build-config=bootstrap-debug --with-as=/opt/local/bin/as --with-ld=/opt/local/bin/ld --with-ar=/opt/local/bin/ar --with-bugurl=https://trac.macports.org/newticket --disable-tls --with-pkgversion='MacPorts gcc6 6.4.0_0'
Thread model: posix
gcc version 6.4.0 (MacPorts gcc6 6.4.0_0) 
configure:16397: $? = 0
configure:16386: g++ -V >&5
g++: error: unrecognized command line option '-V'
g++: fatal error: no input files
compilation terminated.
configure:16397: $? = 1
configure:16386: g++ -qversion >&5
g++: error: unrecognized command line option '-qversion'; did you mean '--version'?
g++: fatal error: no input files
compilation terminated.
configure:16397: $? = 1
configure:16401: checking whether we are using the GNU C++ compiler
configure:16429: result: yes
configure:16438: checking whether g++ accepts -g
configure:16499: result: yes
configure:16524: checking dependency style of g++
configure:16635: result: gcc3
configure:16657: checking for perl
configure:16675: found /opt/local/bin/perl
configure:16687: result: /opt/local/bin/perl
configure:16745: checking for main in -lpthread
configure:16764: g++ -o conftest -g -O2   conftest.cpp -lpthread   >&5
configure:16764: $? = 0
configure:16773: result: yes
configure:16786: checking for pthread_mutexattr_settype in -lpthread
configure:16811: g++ -o conftest -g -O2   conftest.cpp -lpthread  -lpthread  >&5
configure:16811: $? = 0
configure:16820: result: yes
configure:16828: checking for pthread_mutexattr_setprotocol in -lpthread
configure:16853: g++ -o conftest -g -O2   conftest.cpp -lpthread  -lpthread  >&5
configure:16853: $? = 0
configure:16862: result: yes
configure:16874: checking for PTHREAD_MUTEX_RECURSIVE_NP
configure:16892: g++ -c -g -O2  conftest.cpp >&5
conftest.cpp: In function 'int main()':
conftest.cpp:37:11: error: 'PTHREAD_MUTEX_RECURSIVE_NP' was not declared in this scope
   return (PTHREAD_MUTEX_RECURSIVE_NP);
           ^~~~~~~~~~~~~~~~~~~~~~~~~~
configure:16892: $? = 1
configure: failed program was:
| /* confdefs.h */
| #define PACKAGE_NAME "mcs"
| #define PACKAGE_TARNAME "mcs"
| #define PACKAGE_VERSION "0.3.3-alpha7"
| #define PACKAGE_STRING "mcs 0.3.3-alpha7"
| #define PACKAGE_BUGREPORT "Giorgio Calderone <giorgio.calderone@gmail.com> Luciano Nicastro <nicastro@iasfbo.inaf.it>"
| #define PACKAGE_URL ""
| #define PACKAGE "mcs"
| #define VERSION "0.3.3-alpha7"
| #define CXX_HAS_BUGGY_FOR_LOOPS /**/
| #define CXX_HAS_NO_BOOL /**/
| #define NDEBUG /**/
| #define YOUR_OS /**/
| #define STDC_HEADERS 1
| #define HAVE_SYS_TYPES_H 1
| #define HAVE_SYS_STAT_H 1
| #define HAVE_STDLIB_H 1
| #define HAVE_STRING_H 1
| #define HAVE_MEMORY_H 1
| #define HAVE_STRINGS_H 1
| #define HAVE_INTTYPES_H 1
| #define HAVE_STDINT_H 1
| #define HAVE_UNISTD_H 1
| #define HAVE_DLFCN_H 1
| #define LT_OBJDIR ".libs/"
| #define HAVE_LIBPTHREAD 1
| #define HAVE_PTHREAD_MUTEXATTR_SETTYPE /**/
| #define HAVE_PTHREAD_MUTEXATTR_SETPROTOCOL /**/
| /* end confdefs.h.  */
| 
| #include <pthread.h>
| 
| int
| main ()
| {
| 
|   return (PTHREAD_MUTEX_RECURSIVE_NP);
| 
|   ;
|   return 0;
| }
configure:16902: result: no
configure:16910: checking for PTHREAD_MUTEX_RECURSIVE
configure:16928: g++ -c -g -O2  conftest.cpp >&5
configure:16928: $? = 0
configure:16930: result: yes
configure:16946: checking for PTHREAD_RECURSIVE_MUTEX_INITIALIZER_NP
configure:16965: g++ -c -g -O2  conftest.cpp >&5
conftest.cpp: In function 'int main()':
conftest.cpp:38:23: error: 'PTHREAD_RECURSIVE_MUTEX_INITIALIZER_NP' was not declared in this scope
   pthread_mutex_t m = PTHREAD_RECURSIVE_MUTEX_INITIALIZER_NP;
                       ^~~~~~~~~~~~~~~~~~~~~~~~~~~~~~~~~~~~~~
configure:16965: $? = 1
configure: failed program was:
| /* confdefs.h */
| #define PACKAGE_NAME "mcs"
| #define PACKAGE_TARNAME "mcs"
| #define PACKAGE_VERSION "0.3.3-alpha7"
| #define PACKAGE_STRING "mcs 0.3.3-alpha7"
| #define PACKAGE_BUGREPORT "Giorgio Calderone <giorgio.calderone@gmail.com> Luciano Nicastro <nicastro@iasfbo.inaf.it>"
| #define PACKAGE_URL ""
| #define PACKAGE "mcs"
| #define VERSION "0.3.3-alpha7"
| #define CXX_HAS_BUGGY_FOR_LOOPS /**/
| #define CXX_HAS_NO_BOOL /**/
| #define NDEBUG /**/
| #define YOUR_OS /**/
| #define STDC_HEADERS 1
| #define HAVE_SYS_TYPES_H 1
| #define HAVE_SYS_STAT_H 1
| #define HAVE_STDLIB_H 1
| #define HAVE_STRING_H 1
| #define HAVE_MEMORY_H 1
| #define HAVE_STRINGS_H 1
| #define HAVE_INTTYPES_H 1
| #define HAVE_STDINT_H 1
| #define HAVE_UNISTD_H 1
| #define HAVE_DLFCN_H 1
| #define LT_OBJDIR ".libs/"
| #define HAVE_LIBPTHREAD 1
| #define HAVE_PTHREAD_MUTEXATTR_SETTYPE /**/
| #define HAVE_PTHREAD_MUTEXATTR_SETPROTOCOL /**/
| #define HAVE_PTHREAD_MUTEX_RECURSIVE 1
| /* end confdefs.h.  */
| 
| #include <pthread.h>
| 
| int
| main ()
| {
| 
|   pthread_mutex_t m = PTHREAD_RECURSIVE_MUTEX_INITIALIZER_NP;
|   return 0;
| 
|   ;
|   return 0;
| }
configure:16975: result: no
configure:16988: checking for pcre-config
configure:17006: found /opt/local/bin/pcre-config
configure:17018: result: /opt/local/bin/pcre-config
configure:17122: checking pcre.h usability
configure:17122: g++ -c -g -O2 -Wall  -DMACH_64 -I/opt/local/include  conftest.cpp >&5
configure:17122: $? = 0
configure:17122: result: yes
configure:17122: checking pcre.h presence
configure:17122: g++ -E -Wall  -DMACH_64 -I/opt/local/include  conftest.cpp
configure:17122: $? = 0
configure:17122: result: yes
configure:17122: checking for pcre.h
configure:17122: result: yes
configure:17136: checking pcrecpp.h usability
configure:17136: g++ -c -g -O2 -Wall  -DMACH_64 -I/opt/local/include  conftest.cpp >&5
configure:17136: $? = 0
configure:17136: result: yes
configure:17136: checking pcrecpp.h presence
configure:17136: g++ -E -Wall  -DMACH_64 -I/opt/local/include  conftest.cpp
configure:17136: $? = 0
configure:17136: result: yes
configure:17136: checking for pcrecpp.h
configure:17136: result: yes
configure:17156: checking for main in -lpcrecpp
configure:17175: g++ -o conftest -g -O2 -Wall  -DMACH_64 -I/opt/local/include   -L/opt/local/lib  conftest.cpp -lpcrecpp  -lpthread  >&5
configure:17175: $? = 0
configure:17185: result: yes
configure:17205: 
configure:17207: PCRE library configured successfully.
configure:17209: 
configure:17472: checking for mysql_config
configure:17490: found /usr/local/mysql/bin/mysql_config
configure:17502: result: /usr/local/mysql/bin/mysql_config
configure:17607: checking mysql.h usability
configure:17607: g++ -c -g -O2 -Wall  -DMACH_64 -I/opt/local/include  -I/usr/local/mysql/include  conftest.cpp >&5
configure:17607: $? = 0
configure:17607: result: yes
configure:17607: checking mysql.h presence
configure:17607: g++ -E -Wall  -DMACH_64 -I/opt/local/include  -I/usr/local/mysql/include  conftest.cpp
configure:17607: $? = 0
configure:17607: result: yes
configure:17607: checking for mysql.h
configure:17607: result: yes
configure:17627: checking for main in -lmysqlclient
configure:17646: g++ -o conftest -g -O2 -Wall  -DMACH_64 -I/opt/local/include  -I/usr/local/mysql/include   -L/opt/local/lib  -L/usr/local/mysql/lib  conftest.cpp -lmysqlclient  -lpcrecpp -lpthread  >&5
configure:17646: $? = 0
configure:17656: result: yes
configure:17676: 
configure:17678: MYSQL library configured successfully.
configure:17680: 
configure:18022: checking fitsio.h usability
configure:18022: g++ -c -g -O2 -Wall  -DMACH_64 -I/opt/local/include  -I/usr/local/mysql/include  -I/usr/local/cfitsio/include conftest.cpp >&5
configure:18022: $? = 0
configure:18022: result: yes
configure:18022: checking fitsio.h presence
configure:18022: g++ -E -Wall  -DMACH_64 -I/opt/local/include  -I/usr/local/mysql/include  -I/usr/local/cfitsio/include conftest.cpp
configure:18022: $? = 0
configure:18022: result: yes
configure:18022: checking for fitsio.h
configure:18022: result: yes
configure:18046: checking for main in -lcfitsio
configure:18065: g++ -o conftest -g -O2 -Wall  -DMACH_64 -I/opt/local/include  -I/usr/local/mysql/include  -I/usr/local/cfitsio/include  -L/opt/local/lib  -L/usr/local/mysql/lib  -L/usr/local/cfitsio/lib -Wl,-rpath,/usr/local/cfitsio/lib conftest.cpp -lcfitsio  -lmysqlclient -lpcrecpp -lpthread  >&5
configure:18065: $? = 0
configure:18075: result: yes
configure:18095: 
configure:18097: CFITSIO library configured successfully.
configure:18099: 
configure:18995: 
configure:18997: IDL package configured successfully.
configure:18999: 
configure:19281: creating share/scripts/mcs-config.in
configure:19565: checking that generated files are newer than configure
configure:19571: result: done
configure:19634: creating ./config.status

## ---------------- ##
## Cache variables. ##
## ---------------- ##

ac_cv_build=x86_64-apple-darwin16.7.0
ac_cv_c_compiler_gnu=yes
ac_cv_cxx_compiler_gnu=yes
ac_cv_env_CCC_set=
ac_cv_env_CCC_value=
ac_cv_env_CC_set=
ac_cv_env_CC_value=
ac_cv_env_CFLAGS_set=
ac_cv_env_CFLAGS_value=
ac_cv_env_CPPFLAGS_set=
ac_cv_env_CPPFLAGS_value=
ac_cv_env_CPP_set=
ac_cv_env_CPP_value=
ac_cv_env_CXXCPP_set=
ac_cv_env_CXXCPP_value=
ac_cv_env_CXXFLAGS_set=
ac_cv_env_CXXFLAGS_value=
ac_cv_env_CXX_set=
ac_cv_env_CXX_value=
ac_cv_env_LDFLAGS_set=
ac_cv_env_LDFLAGS_value=
ac_cv_env_LIBS_set=
ac_cv_env_LIBS_value=
ac_cv_env_LT_SYS_LIBRARY_PATH_set=
ac_cv_env_LT_SYS_LIBRARY_PATH_value=
ac_cv_env_build_alias_set=
ac_cv_env_build_alias_value=
ac_cv_env_host_alias_set=
ac_cv_env_host_alias_value=
ac_cv_env_target_alias_set=
ac_cv_env_target_alias_value=
ac_cv_header_dlfcn_h=yes
ac_cv_header_fitsio_h=yes
ac_cv_header_inttypes_h=yes
ac_cv_header_malloc_h=no
ac_cv_header_memory_h=yes
ac_cv_header_mysql_h=yes
ac_cv_header_pcre_h=yes
ac_cv_header_pcrecpp_h=yes
ac_cv_header_stdc=yes
ac_cv_header_stdint_h=yes
ac_cv_header_stdlib_h=yes
ac_cv_header_string_h=yes
ac_cv_header_strings_h=yes
ac_cv_header_sys_stat_h=yes
ac_cv_header_sys_types_h=yes
ac_cv_header_unistd_h=yes
ac_cv_host=x86_64-apple-darwin16.7.0
ac_cv_lib_cfitsio___main=yes
ac_cv_lib_mysqlclient___main=yes
ac_cv_lib_pcrecpp___main=yes
ac_cv_lib_pthread_main=yes
ac_cv_lib_pthread_pthread_mutexattr_setprotocol=yes
ac_cv_lib_pthread_pthread_mutexattr_settype=yes
ac_cv_objext=o
ac_cv_path_EGREP='/usr/bin/grep -E'
ac_cv_path_FGREP='/usr/bin/grep -F'
ac_cv_path_GREP=/usr/bin/grep
ac_cv_path_MYSQL_CONFIG=/usr/local/mysql/bin/mysql_config
ac_cv_path_PCRE_CONFIG=/opt/local/bin/pcre-config
ac_cv_path_PERL=/opt/local/bin/perl
ac_cv_path_SED=/opt/local/bin/gsed
ac_cv_path_install='/usr/bin/install -c'
ac_cv_path_lt_DD=/bin/dd
ac_cv_prog_AWK=gawk
ac_cv_prog_CPP='gcc -E'
ac_cv_prog_CXXCPP='g++ -E'
ac_cv_prog_ac_ct_AR=ar
ac_cv_prog_ac_ct_CC=gcc
ac_cv_prog_ac_ct_CXX=g++
ac_cv_prog_ac_ct_DSYMUTIL=dsymutil
ac_cv_prog_ac_ct_LIPO=lipo
ac_cv_prog_ac_ct_NMEDIT=nmedit
ac_cv_prog_ac_ct_OBJDUMP=objdump
ac_cv_prog_ac_ct_OTOOL=otool
ac_cv_prog_ac_ct_RANLIB=ranlib
ac_cv_prog_ac_ct_STRIP=strip
ac_cv_prog_cc_c89=
ac_cv_prog_cc_g=yes
ac_cv_prog_cxx_g=yes
ac_cv_prog_make_make_set=yes
am_cv_CC_dependencies_compiler_type=gcc3
am_cv_CXX_dependencies_compiler_type=gcc3
am_cv_make_support_nested_variables=yes
am_cv_prog_cc_c_o=yes
lt_cv_apple_cc_single_mod=yes
lt_cv_ar_at_file=no
lt_cv_deplibs_check_method=pass_all
lt_cv_file_magic_cmd='$MAGIC_CMD'
lt_cv_file_magic_test_file=
lt_cv_ld_exported_symbols_list=yes
lt_cv_ld_force_load=yes
lt_cv_ld_reload_flag=-r
lt_cv_nm_interface='BSD nm'
lt_cv_objdir=.libs
lt_cv_path_LD=/opt/local/bin/ld
lt_cv_path_LDCXX=/opt/local/bin/ld
lt_cv_path_NM='/opt/local/bin/nm -B'
lt_cv_path_mainfest_tool=no
lt_cv_prog_compiler_c_o=yes
lt_cv_prog_compiler_c_o_CXX=yes
lt_cv_prog_compiler_pic='-fno-common -DPIC'
lt_cv_prog_compiler_pic_CXX='-fno-common -DPIC'
lt_cv_prog_compiler_pic_works=yes
lt_cv_prog_compiler_pic_works_CXX=yes
lt_cv_prog_compiler_rtti_exceptions=no
lt_cv_prog_compiler_static_works=no
lt_cv_prog_compiler_static_works_CXX=no
lt_cv_prog_gnu_ld=no
lt_cv_prog_gnu_ldcxx=no
lt_cv_sharedlib_from_linklib_cmd='printf %s\n'
lt_cv_sys_global_symbol_pipe='sed -n -e '\''s/^.*[	 ]\([BCDEGRST][BCDEGRST]*\)[	 ][	 ]*_\([_A-Za-z][_A-Za-z0-9]*\)$/\1 _\2 \2/p'\'' | sed '\''/ __gnu_lto/d'\'''
lt_cv_sys_global_symbol_to_c_name_address='sed -n -e '\''s/^: \(.*\) .*$/  {"\1", (void *) 0},/p'\'' -e '\''s/^[BCDEGRST][BCDEGRST]* .* \(.*\)$/  {"\1", (void *) \&\1},/p'\'''
lt_cv_sys_global_symbol_to_c_name_address_lib_prefix='sed -n -e '\''s/^: \(.*\) .*$/  {"\1", (void *) 0},/p'\'' -e '\''s/^[BCDEGRST][BCDEGRST]* .* \(lib.*\)$/  {"\1", (void *) \&\1},/p'\'' -e '\''s/^[BCDEGRST][BCDEGRST]* .* \(.*\)$/  {"lib\1", (void *) \&\1},/p'\'''
lt_cv_sys_global_symbol_to_cdecl='sed -n -e '\''s/^T .* \(.*\)$/extern int \1();/p'\'' -e '\''s/^[BCDEGRST][BCDEGRST]* .* \(.*\)$/extern char \1;/p'\'''
lt_cv_sys_global_symbol_to_import=
lt_cv_sys_max_cmd_len=196608
lt_cv_to_host_file_cmd=func_convert_file_noop
lt_cv_to_tool_file_cmd=func_convert_file_noop
lt_cv_truncate_bin='/bin/dd bs=4096 count=1'

## ----------------- ##
## Output variables. ##
## ----------------- ##

ACLOCAL='${SHELL} /Users/nicastro/Soft/Devel/GitHub/MCS/config/missing aclocal-1.16'
AMDEPBACKSLASH='\'
AMDEP_FALSE='#'
AMDEP_TRUE=''
AMTAR='$${TAR-tar}'
AM_BACKSLASH='\'
AM_DEFAULT_V='$(AM_DEFAULT_VERBOSITY)'
AM_DEFAULT_VERBOSITY='1'
AM_V='$(V)'
AR='ar'
ARCHFLAGS=''
AUTOCONF='${SHELL} /Users/nicastro/Soft/Devel/GitHub/MCS/config/missing autoconf'
AUTOHEADER='${SHELL} /Users/nicastro/Soft/Devel/GitHub/MCS/config/missing autoheader'
AUTOMAKE='${SHELL} /Users/nicastro/Soft/Devel/GitHub/MCS/config/missing automake-1.16'
AWK='gawk'
BINDIR='/usr/local/bin'
CC='gcc'
CCDEPMODE='depmode=gcc3'
CFITSIO_LDFLAGS='-L/usr/local/cfitsio/lib -Wl,-rpath,/usr/local/cfitsio/lib'
CFLAGS='-g -O2'
CPP='gcc -E'
CPPFLAGS='-Wall  -DMACH_64 -I/opt/local/include  -I/usr/local/mysql/include  -I/usr/local/cfitsio/include'
CURL_CONFIG=''
CXX='g++'
CXXCPP='g++ -E'
CXXDEPMODE='depmode=gcc3'
CXXFLAGS='-g -O2'
CYGPATH_W='echo'
DATADIR='/usr/local/share/mcs'
DEFS='-DHAVE_CONFIG_H'
DEPDIR='.deps'
DLLTOOL='false'
DSYMUTIL='dsymutil'
DUMPBIN=''
ECHO_C='\c'
ECHO_N=''
ECHO_T=''
EGREP='/usr/bin/grep -E'
ENABLE_CFITSIO_FALSE='#'
ENABLE_CFITSIO_TRUE=''
ENABLE_CURL_FALSE=''
ENABLE_CURL_TRUE='#'
ENABLE_IDL_FALSE=''
ENABLE_IDL_TRUE='#'
ENABLE_MYSQL_FALSE='#'
ENABLE_MYSQL_TRUE=''
ENABLE_OPENSSL_FALSE=''
ENABLE_OPENSSL_TRUE='#'
ENABLE_PERL_FALSE=''
ENABLE_PERL_TRUE='#'
ENABLE_PHP_FALSE=''
ENABLE_PHP_TRUE='#'
ENABLE_PYTHON_FALSE=''
ENABLE_PYTHON_TRUE='#'
EXEEXT=''
FGREP='/usr/bin/grep -F'
GREP='/usr/bin/grep'
IDL_BIN=''
IDL_BINDIR=''
IDL_CFLAGS=''
IDL_DIR='/Applications/harris/idl86'
IDL_INCDIR=''
IDL_LD_FLAGS=''
IDL_LIBBIN=''
INSTALL_DATA='${INSTALL} -m 644'
INSTALL_PROGRAM='${INSTALL}'
INSTALL_SCRIPT='${INSTALL}'
INSTALL_STRIP_PROGRAM='$(install_sh) -c -s'
INTERFACE_VERSION='4:0:0'
LD='/opt/local/bin/ld'
LDFLAGS=' -L/opt/local/lib  -L/usr/local/mysql/lib  -L/usr/local/cfitsio/lib -Wl,-rpath,/usr/local/cfitsio/lib'
LIBOBJS=''
LIBS='-lcfitsio -lmysqlclient -lpcrecpp -lpthread '
LIBTOOL='$(SHELL) $(top_builddir)/libtool'
LIPO='lipo'
LN_S='ln -s'
LTLIBOBJS=''
LT_SYS_LIBRARY_PATH=''
MAKEINFO='${SHELL} /Users/nicastro/Soft/Devel/GitHub/MCS/config/missing makeinfo'
MANIFEST_TOOL=':'
MCS_CONFIG='share/scripts/mcs-config'
MCS_VERSION='0.3.3-alpha7'
MKDIR_P='config/install-sh -c -d'
MYSQL_CONFIG='/usr/local/mysql/bin/mysql_config'
MYSQL_VERSION='5_7'
NM='/opt/local/bin/nm -B'
NMEDIT='nmedit'
OBJDUMP='objdump'
OBJEXT='o'
OPENSSL=''
OTOOL64=':'
OTOOL='otool'
PACKAGE='mcs'
PACKAGE_BUGREPORT='Giorgio Calderone <giorgio.calderone@gmail.com> Luciano Nicastro <nicastro@iasfbo.inaf.it>'
PACKAGE_NAME='mcs'
PACKAGE_STRING='mcs 0.3.3-alpha7'
PACKAGE_TARNAME='mcs'
PACKAGE_URL=''
PACKAGE_VERSION='0.3.3-alpha7'
PATH_SEPARATOR=':'
PCRE_CONFIG='/opt/local/bin/pcre-config'
PERL='/opt/local/bin/perl'
PERL_CFLAGS=''
PERL_EXTDIR=''
PHP=''
PHP_CFLAGS=''
PHP_CONFIG=''
PHP_EXTDIR=''
PHP_INCPATH=''
PYTHON_CFLAGS=''
PYTHON_CONFIG=''
RANLIB='ranlib'
SED='/opt/local/bin/gsed'
SET_MAKE=''
SHELL='/bin/sh'
STRIP='strip'
SWIG=''
SWIG_VER=''
VERSION='0.3.3-alpha7'
ac_ct_AR='ar'
ac_ct_CC='gcc'
ac_ct_CXX='g++'
ac_ct_DUMPBIN=''
am__EXEEXT_FALSE=''
am__EXEEXT_TRUE='#'
am__fastdepCC_FALSE='#'
am__fastdepCC_TRUE=''
am__fastdepCXX_FALSE='#'
am__fastdepCXX_TRUE=''
am__include='include'
am__isrc=''
am__leading_dot='.'
am__nodep='_no'
am__quote=''
am__tar='$${TAR-tar} chof - "$$tardir"'
am__untar='$${TAR-tar} xf -'
bindir='${exec_prefix}/bin'
build='x86_64-apple-darwin16.7.0'
build_alias=''
build_cpu='x86_64'
build_os='darwin16.7.0'
build_vendor='apple'
datadir='${datarootdir}'
datarootdir='${prefix}/share'
docdir='${datarootdir}/doc/${PACKAGE_TARNAME}'
dvidir='${docdir}'
exec_prefix='${prefix}'
host='x86_64-apple-darwin16.7.0'
host_alias=''
host_cpu='x86_64'
host_os='darwin16.7.0'
host_vendor='apple'
htmldir='${docdir}'
includedir='${prefix}/include'
infodir='${datarootdir}/info'
install_sh='${SHELL} /Users/nicastro/Soft/Devel/GitHub/MCS/config/install-sh'
libdir='${exec_prefix}/lib'
libexecdir='${exec_prefix}/libexec'
localedir='${datarootdir}/locale'
localstatedir='${prefix}/var'
mandir='${datarootdir}/man'
mcs_cflags='-Wall  -DMACH_64 -I/opt/local/include  -I/usr/local/mysql/include  -I/usr/local/cfitsio/include -g -O2'
mcs_libs='-lmcsjson -lmcs'
mkdir_p='$(MKDIR_P)'
oldincludedir='/usr/include'
pdfdir='${docdir}'
prefix='/usr/local'
program_transform_name='s,x,x,'
psdir='${docdir}'
sbindir='${exec_prefix}/sbin'
sharedstatedir='${prefix}/com'
subdirs=' contrib/libjson'
sysconfdir='${prefix}/etc'
target=''
target_alias=''

## ----------- ##
## confdefs.h. ##
## ----------- ##

/* confdefs.h */
#define PACKAGE_NAME "mcs"
#define PACKAGE_TARNAME "mcs"
#define PACKAGE_VERSION "0.3.3-alpha7"
#define PACKAGE_STRING "mcs 0.3.3-alpha7"
#define PACKAGE_BUGREPORT "Giorgio Calderone <giorgio.calderone@gmail.com> Luciano Nicastro <nicastro@iasfbo.inaf.it>"
#define PACKAGE_URL ""
#define PACKAGE "mcs"
#define VERSION "0.3.3-alpha7"
#define CXX_HAS_BUGGY_FOR_LOOPS /**/
#define CXX_HAS_NO_BOOL /**/
#define NDEBUG /**/
#define YOUR_OS /**/
#define STDC_HEADERS 1
#define HAVE_SYS_TYPES_H 1
#define HAVE_SYS_STAT_H 1
#define HAVE_STDLIB_H 1
#define HAVE_STRING_H 1
#define HAVE_MEMORY_H 1
#define HAVE_STRINGS_H 1
#define HAVE_INTTYPES_H 1
#define HAVE_STDINT_H 1
#define HAVE_UNISTD_H 1
#define HAVE_DLFCN_H 1
#define LT_OBJDIR ".libs/"
#define HAVE_LIBPTHREAD 1
#define HAVE_PTHREAD_MUTEXATTR_SETTYPE /**/
#define HAVE_PTHREAD_MUTEXATTR_SETPROTOCOL /**/
#define HAVE_PTHREAD_MUTEX_RECURSIVE 1
#define HAVE_PCRE_H 1
#define HAVE_PCRECPP_H 1
#define HAVE_LIBPCRECPP 1
#define ENABLE_CURL 0
#define HAVE_MYSQL_H 1
#define HAVE_LIBMYSQLCLIENT 1
#define ENABLE_MYSQL 1
#define ENABLE_OPENSSL 0
#define HAVE_FITSIO_H 1
#define HAVE_LIBCFITSIO 1
#define ENABLE_CFITSIO 1
#define ENABLE_PHP 0
#define ENABLE_PERL 0
#define ENABLE_PYTHON 0
#define ENABLE_DEBUG 0
#define DATADIR "/usr/local/share/mcs"
#define BINDIR "/usr/local/bin"

configure: exit 0

## ---------------------- ##
## Running config.status. ##
## ---------------------- ##

This file was extended by mcs config.status 0.3.3-alpha7, which was
generated by GNU Autoconf 2.69.  Invocation command line was

  CONFIG_FILES    = 
  CONFIG_HEADERS  = 
  CONFIG_LINKS    = 
  CONFIG_COMMANDS = 
  $ ./config.status 

on Luciano-Nicastros-MacBook-2.local

config.status:1238: creating Makefile
config.status:1238: creating version
config.status:1238: creating contrib/Makefile
config.status:1238: creating contrib/libjson/Makefile
config.status:1238: creating src/Makefile
config.status:1238: creating src/doc.h
config.status:1238: creating m4/Makefile
config.status:1238: creating doc/Makefile
config.status:1238: creating doc/Doxyfile
config.status:1238: creating share/Makefile
config.status:1238: creating share/client/Makefile
config.status:1238: creating share/client/idl/Makefile
config.status:1238: creating share/client/idl/c2idl.pl
config.status:1238: creating share/client/php/Makefile
config.status:1238: creating share/client/python/Makefile
config.status:1238: creating share/client/perl/Makefile
config.status:1238: creating share/scripts/Makefile
config.status:1238: creating share/scripts/mcs-config
config.status:1346: WARNING:  'share/scripts/mcs-config.in' seems to ignore the --datarootdir setting
config.status:1238: creating share/scripts/idl2mcs
config.status:1238: creating share/examples/Makefile
config.status:1238: creating src/mcs_config.h
config.status:1419: src/mcs_config.h is unchanged
config.status:1467: executing depfiles commands
config.status:1544: cd contrib/libjson       && sed -e '/# am--include-marker/d' Makefile         | make -f - am--depfiles
make[1]: Nothing to be done for `am--depfiles'.
config.status:1549: $? = 0
config.status:1544: cd src       && sed -e '/# am--include-marker/d' Makefile         | make -f - am--depfiles
make[1]: Nothing to be done for `am--depfiles'.
config.status:1549: $? = 0
config.status:1544: cd share/client/idl       && sed -e '/# am--include-marker/d' Makefile         | make -f - am--depfiles
make[1]: Nothing to be done for `am--depfiles'.
config.status:1549: $? = 0
config.status:1544: cd share/client/php       && sed -e '/# am--include-marker/d' Makefile         | make -f - am--depfiles
make[1]: Nothing to be done for `am--depfiles'.
config.status:1549: $? = 0
config.status:1544: cd share/client/python       && sed -e '/# am--include-marker/d' Makefile         | make -f - am--depfiles
make[1]: Nothing to be done for `am--depfiles'.
config.status:1549: $? = 0
config.status:1544: cd share/client/perl       && sed -e '/# am--include-marker/d' Makefile         | make -f - am--depfiles
make[1]: Nothing to be done for `am--depfiles'.
config.status:1549: $? = 0
config.status:1544: cd share/examples       && sed -e '/# am--include-marker/d' Makefile         | make -f - am--depfiles
make[1]: Nothing to be done for `am--depfiles'.
config.status:1549: $? = 0
config.status:1467: executing libtool commands
